c:\users\administrator\source\repos\end1\end1\debug\end1.pch
c:\users\administrator\source\repos\end1\end1\debug\vc141.pdb
c:\users\administrator\source\repos\end1\end1\debug\vc141.idb
c:\users\administrator\source\repos\end1\end1\debug\stdafx.obj
c:\users\administrator\source\repos\end1\end1\debug\end1.obj
d:\学习\end1\end1\debug\end1.pch
d:\学习\end1\end1\debug\vc141.pdb
d:\学习\end1\end1\debug\vc141.idb
d:\学习\end1\end1\debug\stdafx.obj
d:\学习\end1\end1\debug\end1.obj
c:\users\administrator\source\repos\end1\debug\end1.exe
c:\users\administrator\source\repos\end1\debug\end1.ilk
c:\users\administrator\source\repos\end1\debug\end1.pdb
d:\学习\end1\debug\end1.exe
d:\学习\end1\debug\end1.ilk
d:\学习\end1\debug\end1.pdb
d:\学习\end1\end1\debug\end1.tlog\cl.command.1.tlog
d:\学习\end1\end1\debug\end1.tlog\cl.read.1.tlog
d:\学习\end1\end1\debug\end1.tlog\cl.write.1.tlog
d:\学习\end1\end1\debug\end1.tlog\link.command.1.tlog
d:\学习\end1\end1\debug\end1.tlog\link.read.1.tlog
d:\学习\end1\end1\debug\end1.tlog\link.write.1.tlog
